

===== run 2026-07-10T10:51:46Z batch_size=1 (https://github.com/Olbrasoft/sdilejcz/actions/runs/29087629848) =====
[10:51:46] step=batch-start count=1 backlog=1629 uploads=0 failed=0
[10:51:48] step=iteration 1/1
[10:51:48] step=film-start cr_film_id=49 name='Lví král (1994) CZ Dabing.mp4'
[10:51:53] step=cdn-resolve done cr_film_id=49 dur=4.3s url=https://online8.sktorrent.eu/media/videos//h264/56413_720p.mp4
[10:53:03] step=download done cr_film_id=49 size=556867246 dur=70.2s
[10:53:59] step=upload done cr_film_id=49 dur=56.3s url=https://sdilej.cz/34635485/lvi-kral-1994-cz-dabing.mp4
[10:53:59] step=state-saved cr_film_id=49 total_uploads=1
[10:53:59] step=batch-end succeeded=1 failed=0 total_uploads=1

===== run 2026-07-10T11:00:59Z batch_size=999 max_runtime_minutes=320 (https://github.com/Olbrasoft/sdilejcz/actions/runs/29088106003) =====
[11:01:00] step=batch-start count=999 backlog=1629 uploads=1 failed=0
[11:01:03] step=iteration 1/999
[11:01:03] step=film-start cr_film_id=632 name='Medvěd (1988) CZ Dabing.mp4'
[11:01:14] step=cdn-resolve done cr_film_id=632 dur=11.1s url=https://online18.sktorrent.eu/media/videos//h264/24432_720p.mp4
[11:02:32] step=download done cr_film_id=632 size=710011618 dur=78.0s
[11:04:03] step=upload done cr_film_id=632 dur=91.5s url=https://sdilej.cz/34635511/medved-1988-cz-dabing.mp4
[11:04:03] step=state-saved cr_film_id=632 total_uploads=2
[11:04:03] step=iteration 2/999
[11:04:03] step=film-start cr_film_id=2963 name='Lví král (2019) CZ Dabing.mp4'
[11:04:17] step=cdn-resolve done cr_film_id=2963 dur=14.2s url=https://online24.sktorrent.eu/media/videos//h264/4637_480p.mp4
[11:04:53] step=download done cr_film_id=2963 size=658569644 dur=35.5s
